#
# There is insufficient memory for the Java Runtime Environment to continue.
# Native memory allocation (malloc) failed to allocate 151376 bytes for Chunk::new
# Possible reasons:
#   The system is out of physical RAM or swap space
#   The process is running with CompressedOops enabled, and the Java Heap may be blocking the growth of the native heap
# Possible solutions:
#   Reduce memory load on the system
#   Increase physical memory or swap space
#   Check if swap backing store is full
#   Decrease Java heap size (-Xmx/-Xms)
#   Decrease number of Java threads
#   Decrease Java thread stack sizes (-Xss)
#   Set larger code cache with -XX:ReservedCodeCacheSize=
#   JVM is running with Unscaled Compressed Oops mode in which the Java heap is
#     placed in the first 4GB address space. The Java Heap base address is the
#     maximum limit for the native heap growth. Please use -XX:HeapBaseMinAddress
#     to set the Java Heap base and to place the Java Heap above 4GB virtual address.
# This output file may be truncated or incomplete.
#
#  Out of Memory Error (arena.cpp:168), pid=4048, tid=3060
#
# JRE version: Java(TM) SE Runtime Environment (21.0.5+9) (build 21.0.5+9-LTS-239)
# Java VM: Java HotSpot(TM) 64-Bit Server VM (21.0.5+9-LTS-239, mixed mode, tiered, compressed oops, compressed class ptrs, g1 gc, windows-amd64)
# No core dump will be written. Minidumps are not enabled by default on client versions of Windows
#

---------------  S U M M A R Y ------------

Command Line: -Dmaven.multiModuleProjectDirectory=D:\StudentDirectory\student -Djansi.passthrough=true -Dmaven.home=C:\Program Files\JetBrains\IntelliJ IDEA Community Edition 2024.3.1.1\plugins\maven\lib\maven3 -Dclassworlds.conf=C:\Program Files\JetBrains\IntelliJ IDEA Community Edition 2024.3.1.1\plugins\maven\lib\maven3\bin\m2.conf -Dmaven.ext.class.path=C:\Program Files\JetBrains\IntelliJ IDEA Community Edition 2024.3.1.1\plugins\maven\lib\maven-event-listener.jar -javaagent:C:\Program Files\JetBrains\IntelliJ IDEA Community Edition 2024.3.1.1\lib\idea_rt.jar=58068:C:\Program Files\JetBrains\IntelliJ IDEA Community Edition 2024.3.1.1\bin -Dfile.encoding=UTF-8 -Dsun.stdout.encoding=UTF-8 -Dsun.stderr.encoding=UTF-8 org.codehaus.classworlds.Launcher -Didea.version=2024.3.1.1 clean install -P native

Host: 11th Gen Intel(R) Core(TM) i5-1135G7 @ 2.40GHz, 8 cores, 3G,  Windows 11 , 64 bit Build 22000 (10.0.22000.2538)
Time: Sat Dec 28 16:14:41 2024 India Standard Time elapsed time: 0.375490 seconds (0d 0h 0m 0s)

---------------  T H R E A D  ---------------

Current thread (0x000001f828891320):  JavaThread "C2 CompilerThread0" daemon [_thread_in_native, id=3060, stack(0x000000ad49b00000,0x000000ad49c00000) (1024K)]


Current CompileTask:
C2:    375  164       4       java.util.HashMap::putVal (300 bytes)

Stack: [0x000000ad49b00000,0x000000ad49c00000]
Native frames: (J=compiled Java code, j=interpreted, Vv=VM code, C=native code)
V  [jvm.dll+0x6ca289]
V  [jvm.dll+0x854a51]
V  [jvm.dll+0x856f7e]
V  [jvm.dll+0x857653]
V  [jvm.dll+0x27dd26]
V  [jvm.dll+0xc4c2d]
V  [jvm.dll+0xc5163]
V  [jvm.dll+0x3b4d02]
V  [jvm.dll+0x3814b5]
V  [jvm.dll+0x38092a]
V  [jvm.dll+0x246910]
V  [jvm.dll+0x245eef]
V  [jvm.dll+0x1c6d0e]
V  [jvm.dll+0x2554d9]
V  [jvm.dll+0x253a6a]
V  [jvm.dll+0x3ee136]
V  [jvm.dll+0x7fee9b]
V  [jvm.dll+0x6c896d]
C  [ucrtbase.dll+0x26c0c]
C  [KERNEL32.DLL+0x153e0]
C  [ntdll.dll+0x485b]


---------------  P R O C E S S  ---------------

Threads class SMR info:
_java_thread_list=0x000001f8289bba60, length=10, elements={
0x000001f80aff2fe0, 0x000001f8288785b0, 0x000001f828736890, 0x000001f82876c220,
0x000001f82876cc70, 0x000001f82876d6c0, 0x000001f82876e110, 0x000001f828891320,
0x000001f82875ec40, 0x000001f82894d020
}

Java Threads: ( => current thread )
  0x000001f80aff2fe0 JavaThread "main"                              [_thread_in_native, id=7272, stack(0x000000ad48d00000,0x000000ad48e00000) (1024K)]
  0x000001f8288785b0 JavaThread "Reference Handler"          daemon [_thread_blocked, id=10976, stack(0x000000ad49500000,0x000000ad49600000) (1024K)]
  0x000001f828736890 JavaThread "Finalizer"                  daemon [_thread_blocked, id=6388, stack(0x000000ad49600000,0x000000ad49700000) (1024K)]
  0x000001f82876c220 JavaThread "Signal Dispatcher"          daemon [_thread_blocked, id=2440, stack(0x000000ad49700000,0x000000ad49800000) (1024K)]
  0x000001f82876cc70 JavaThread "Attach Listener"            daemon [_thread_blocked, id=1344, stack(0x000000ad49800000,0x000000ad49900000) (1024K)]
  0x000001f82876d6c0 JavaThread "Service Thread"             daemon [_thread_blocked, id=4076, stack(0x000000ad49900000,0x000000ad49a00000) (1024K)]
  0x000001f82876e110 JavaThread "Monitor Deflation Thread"   daemon [_thread_blocked, id=7820, stack(0x000000ad49a00000,0x000000ad49b00000) (1024K)]
=>0x000001f828891320 JavaThread "C2 CompilerThread0"         daemon [_thread_in_native, id=3060, stack(0x000000ad49b00000,0x000000ad49c00000) (1024K)]
  0x000001f82875ec40 JavaThread "C1 CompilerThread0"         daemon [_thread_blocked, id=16136, stack(0x000000ad49c00000,0x000000ad49d00000) (1024K)]
  0x000001f82894d020 JavaThread "Common-Cleaner"             daemon [_thread_blocked, id=9576, stack(0x000000ad49d00000,0x000000ad49e00000) (1024K)]
Total: 10

Other Threads:
  0x000001f82869b680 VMThread "VM Thread"                           [id=1112, stack(0x000000ad49400000,0x000000ad49500000) (1024K)]
  0x000001f82868ca10 WatcherThread "VM Periodic Task Thread"        [id=16264, stack(0x000000ad49300000,0x000000ad49400000) (1024K)]
  0x000001f80d2af4b0 WorkerThread "GC Thread#0"                     [id=13204, stack(0x000000ad48e00000,0x000000ad48f00000) (1024K)]
  0x000001f80d2b8460 ConcurrentGCThread "G1 Main Marker"            [id=496, stack(0x000000ad48f00000,0x000000ad49000000) (1024K)]
  0x000001f80d2b9e70 WorkerThread "G1 Conc#0"                       [id=7468, stack(0x000000ad49000000,0x000000ad49100000) (1024K)]
  0x000001f80d322990 ConcurrentGCThread "G1 Refine#0"               [id=14768, stack(0x000000ad49100000,0x000000ad49200000) (1024K)]
  0x000001f80d323400 ConcurrentGCThread "G1 Service"                [id=4976, stack(0x000000ad49200000,0x000000ad49300000) (1024K)]
Total: 7

Threads with active compile tasks:
C2 CompilerThread0      409  164       4       java.util.HashMap::putVal (300 bytes)
Total: 1

VM state: not at safepoint (normal execution)

VM Mutex/Monitor currently owned by a thread: None

Heap address: 0x00000000c4400000, size: 956 MB, Compressed Oops mode: 32-bit

CDS archive(s) not mapped
Compressed class space mapped at: 0x0000000100000000-0x0000000140000000, reserved size: 1073741824
Narrow klass base: 0x0000000000000000, Narrow klass shift: 3, Narrow klass range: 0x140000000

GC Precious Log:
 CardTable entry size: 512
 Card Set container configuration: InlinePtr #cards 5 size 8 Array Of Cards #cards 12 size 40 Howl #buckets 4 coarsen threshold 1843 Howl Bitmap #cards 512 size 80 coarsen threshold 460 Card regions per heap region 1 cards per card region 2048
 CPUs: 8 total, 8 available
 Memory: 3818M
 Large Page Support: Disabled
 NUMA Support: Disabled
 Compressed Oops: Enabled (32-bit)
 Heap Region Size: 1M
 Heap Min Capacity: 8M
 Heap Initial Capacity: 60M
 Heap Max Capacity: 956M
 Pre-touch: Disabled
 Parallel Workers: 8
 Concurrent Workers: 2
 Concurrent Refinement Workers: 8
 Periodic GC: Disabled

Heap:
 garbage-first heap   total 61440K, used 2048K [0x00000000c4400000, 0x0000000100000000)
  region size 1024K, 3 young (3072K), 0 survivors (0K)
 Metaspace       used 6249K, committed 6336K, reserved 1114112K
  class space    used 493K, committed 512K, reserved 1048576K

Heap Regions: E=young(eden), S=young(survivor), O=old, HS=humongous(starts), HC=humongous(continues), CS=collection set, F=free, TAMS=top-at-mark-start, PB=parsable bottom
|   0|0x00000000c4400000, 0x00000000c4400000, 0x00000000c4500000|  0%| F|  |TAMS 0x00000000c4400000| PB 0x00000000c4400000| Untracked 
|   1|0x00000000c4500000, 0x00000000c4500000, 0x00000000c4600000|  0%| F|  |TAMS 0x00000000c4500000| PB 0x00000000c4500000| Untracked 
|   2|0x00000000c4600000, 0x00000000c4600000, 0x00000000c4700000|  0%| F|  |TAMS 0x00000000c4600000| PB 0x00000000c4600000| Untracked 
|   3|0x00000000c4700000, 0x00000000c4700000, 0x00000000c4800000|  0%| F|  |TAMS 0x00000000c4700000| PB 0x00000000c4700000| Untracked 
|   4|0x00000000c4800000, 0x00000000c4800000, 0x00000000c4900000|  0%| F|  |TAMS 0x00000000c4800000| PB 0x00000000c4800000| Untracked 
|   5|0x00000000c4900000, 0x00000000c4900000, 0x00000000c4a00000|  0%| F|  |TAMS 0x00000000c4900000| PB 0x00000000c4900000| Untracked 
|   6|0x00000000c4a00000, 0x00000000c4a00000, 0x00000000c4b00000|  0%| F|  |TAMS 0x00000000c4a00000| PB 0x00000000c4a00000| Untracked 
|   7|0x00000000c4b00000, 0x00000000c4b00000, 0x00000000c4c00000|  0%| F|  |TAMS 0x00000000c4b00000| PB 0x00000000c4b00000| Untracked 
|   8|0x00000000c4c00000, 0x00000000c4c00000, 0x00000000c4d00000|  0%| F|  |TAMS 0x00000000c4c00000| PB 0x00000000c4c00000| Untracked 
|   9|0x00000000c4d00000, 0x00000000c4d00000, 0x00000000c4e00000|  0%| F|  |TAMS 0x00000000c4d00000| PB 0x00000000c4d00000| Untracked 
|  10|0x00000000c4e00000, 0x00000000c4e00000, 0x00000000c4f00000|  0%| F|  |TAMS 0x00000000c4e00000| PB 0x00000000c4e00000| Untracked 
|  11|0x00000000c4f00000, 0x00000000c4f00000, 0x00000000c5000000|  0%| F|  |TAMS 0x00000000c4f00000| PB 0x00000000c4f00000| Untracked 
|  12|0x00000000c5000000, 0x00000000c5000000, 0x00000000c5100000|  0%| F|  |TAMS 0x00000000c5000000| PB 0x00000000c5000000| Untracked 
|  13|0x00000000c5100000, 0x00000000c5100000, 0x00000000c5200000|  0%| F|  |TAMS 0x00000000c5100000| PB 0x00000000c5100000| Untracked 
|  14|0x00000000c5200000, 0x00000000c5200000, 0x00000000c5300000|  0%| F|  |TAMS 0x00000000c5200000| PB 0x00000000c5200000| Untracked 
|  15|0x00000000c5300000, 0x00000000c5300000, 0x00000000c5400000|  0%| F|  |TAMS 0x00000000c5300000| PB 0x00000000c5300000| Untracked 
|  16|0x00000000c5400000, 0x00000000c5400000, 0x00000000c5500000|  0%| F|  |TAMS 0x00000000c5400000| PB 0x00000000c5400000| Untracked 
|  17|0x00000000c5500000, 0x00000000c5500000, 0x00000000c5600000|  0%| F|  |TAMS 0x00000000c5500000| PB 0x00000000c5500000| Untracked 
|  18|0x00000000c5600000, 0x00000000c5600000, 0x00000000c5700000|  0%| F|  |TAMS 0x00000000c5600000| PB 0x00000000c5600000| Untracked 
|  19|0x00000000c5700000, 0x00000000c5700000, 0x00000000c5800000|  0%| F|  |TAMS 0x00000000c5700000| PB 0x00000000c5700000| Untracked 
|  20|0x00000000c5800000, 0x00000000c5800000, 0x00000000c5900000|  0%| F|  |TAMS 0x00000000c5800000| PB 0x00000000c5800000| Untracked 
|  21|0x00000000c5900000, 0x00000000c5900000, 0x00000000c5a00000|  0%| F|  |TAMS 0x00000000c5900000| PB 0x00000000c5900000| Untracked 
|  22|0x00000000c5a00000, 0x00000000c5a00000, 0x00000000c5b00000|  0%| F|  |TAMS 0x00000000c5a00000| PB 0x00000000c5a00000| Untracked 
|  23|0x00000000c5b00000, 0x00000000c5b00000, 0x00000000c5c00000|  0%| F|  |TAMS 0x00000000c5b00000| PB 0x00000000c5b00000| Untracked 
|  24|0x00000000c5c00000, 0x00000000c5c00000, 0x00000000c5d00000|  0%| F|  |TAMS 0x00000000c5c00000| PB 0x00000000c5c00000| Untracked 
|  25|0x00000000c5d00000, 0x00000000c5d00000, 0x00000000c5e00000|  0%| F|  |TAMS 0x00000000c5d00000| PB 0x00000000c5d00000| Untracked 
|  26|0x00000000c5e00000, 0x00000000c5e00000, 0x00000000c5f00000|  0%| F|  |TAMS 0x00000000c5e00000| PB 0x00000000c5e00000| Untracked 
|  27|0x00000000c5f00000, 0x00000000c5f00000, 0x00000000c6000000|  0%| F|  |TAMS 0x00000000c5f00000| PB 0x00000000c5f00000| Untracked 
|  28|0x00000000c6000000, 0x00000000c6000000, 0x00000000c6100000|  0%| F|  |TAMS 0x00000000c6000000| PB 0x00000000c6000000| Untracked 
|  29|0x00000000c6100000, 0x00000000c6100000, 0x00000000c6200000|  0%| F|  |TAMS 0x00000000c6100000| PB 0x00000000c6100000| Untracked 
|  30|0x00000000c6200000, 0x00000000c6200000, 0x00000000c6300000|  0%| F|  |TAMS 0x00000000c6200000| PB 0x00000000c6200000| Untracked 
|  31|0x00000000c6300000, 0x00000000c6300000, 0x00000000c6400000|  0%| F|  |TAMS 0x00000000c6300000| PB 0x00000000c6300000| Untracked 
|  32|0x00000000c6400000, 0x00000000c6400000, 0x00000000c6500000|  0%| F|  |TAMS 0x00000000c6400000| PB 0x00000000c6400000| Untracked 
|  33|0x00000000c6500000, 0x00000000c6500000, 0x00000000c6600000|  0%| F|  |TAMS 0x00000000c6500000| PB 0x00000000c6500000| Untracked 
|  34|0x00000000c6600000, 0x00000000c6600000, 0x00000000c6700000|  0%| F|  |TAMS 0x00000000c6600000| PB 0x00000000c6600000| Untracked 
|  35|0x00000000c6700000, 0x00000000c6700000, 0x00000000c6800000|  0%| F|  |TAMS 0x00000000c6700000| PB 0x00000000c6700000| Untracked 
|  36|0x00000000c6800000, 0x00000000c6800000, 0x00000000c6900000|  0%| F|  |TAMS 0x00000000c6800000| PB 0x00000000c6800000| Untracked 
|  37|0x00000000c6900000, 0x00000000c6900000, 0x00000000c6a00000|  0%| F|  |TAMS 0x00000000c6900000| PB 0x00000000c6900000| Untracked 
|  38|0x00000000c6a00000, 0x00000000c6a00000, 0x00000000c6b00000|  0%| F|  |TAMS 0x00000000c6a00000| PB 0x00000000c6a00000| Untracked 
|  39|0x00000000c6b00000, 0x00000000c6b00000, 0x00000000c6c00000|  0%| F|  |TAMS 0x00000000c6b00000| PB 0x00000000c6b00000| Untracked 
|  40|0x00000000c6c00000, 0x00000000c6c00000, 0x00000000c6d00000|  0%| F|  |TAMS 0x00000000c6c00000| PB 0x00000000c6c00000| Untracked 
|  41|0x00000000c6d00000, 0x00000000c6d00000, 0x00000000c6e00000|  0%| F|  |TAMS 0x00000000c6d00000| PB 0x00000000c6d00000| Untracked 
|  42|0x00000000c6e00000, 0x00000000c6e00000, 0x00000000c6f00000|  0%| F|  |TAMS 0x00000000c6e00000| PB 0x00000000c6e00000| Untracked 
|  43|0x00000000c6f00000, 0x00000000c6f00000, 0x00000000c7000000|  0%| F|  |TAMS 0x00000000c6f00000| PB 0x00000000c6f00000| Untracked 
|  44|0x00000000c7000000, 0x00000000c7000000, 0x00000000c7100000|  0%| F|  |TAMS 0x00000000c7000000| PB 0x00000000c7000000| Untracked 
|  45|0x00000000c7100000, 0x00000000c7100000, 0x00000000c7200000|  0%| F|  |TAMS 0x00000000c7100000| PB 0x00000000c7100000| Untracked 
|  46|0x00000000c7200000, 0x00000000c7200000, 0x00000000c7300000|  0%| F|  |TAMS 0x00000000c7200000| PB 0x00000000c7200000| Untracked 
|  47|0x00000000c7300000, 0x00000000c7300000, 0x00000000c7400000|  0%| F|  |TAMS 0x00000000c7300000| PB 0x00000000c7300000| Untracked 
|  48|0x00000000c7400000, 0x00000000c7400000, 0x00000000c7500000|  0%| F|  |TAMS 0x00000000c7400000| PB 0x00000000c7400000| Untracked 
|  49|0x00000000c7500000, 0x00000000c7500000, 0x00000000c7600000|  0%| F|  |TAMS 0x00000000c7500000| PB 0x00000000c7500000| Untracked 
|  50|0x00000000c7600000, 0x00000000c7600000, 0x00000000c7700000|  0%| F|  |TAMS 0x00000000c7600000| PB 0x00000000c7600000| Untracked 
|  51|0x00000000c7700000, 0x00000000c7700000, 0x00000000c7800000|  0%| F|  |TAMS 0x00000000c7700000| PB 0x00000000c7700000| Untracked 
|  52|0x00000000c7800000, 0x00000000c7800000, 0x00000000c7900000|  0%| F|  |TAMS 0x00000000c7800000| PB 0x00000000c7800000| Untracked 
|  53|0x00000000c7900000, 0x00000000c7900000, 0x00000000c7a00000|  0%| F|  |TAMS 0x00000000c7900000| PB 0x00000000c7900000| Untracked 
|  54|0x00000000c7a00000, 0x00000000c7a00000, 0x00000000c7b00000|  0%| F|  |TAMS 0x00000000c7a00000| PB 0x00000000c7a00000| Untracked 
|  55|0x00000000c7b00000, 0x00000000c7b00000, 0x00000000c7c00000|  0%| F|  |TAMS 0x00000000c7b00000| PB 0x00000000c7b00000| Untracked 
|  56|0x00000000c7c00000, 0x00000000c7c00000, 0x00000000c7d00000|  0%| F|  |TAMS 0x00000000c7c00000| PB 0x00000000c7c00000| Untracked 
|  57|0x00000000c7d00000, 0x00000000c7d76448, 0x00000000c7e00000| 46%| E|  |TAMS 0x00000000c7d00000| PB 0x00000000c7d00000| Complete 
|  58|0x00000000c7e00000, 0x00000000c7f00000, 0x00000000c7f00000|100%| E|CS|TAMS 0x00000000c7e00000| PB 0x00000000c7e00000| Complete 
|  59|0x00000000c7f00000, 0x00000000c8000000, 0x00000000c8000000|100%| E|CS|TAMS 0x00000000c7f00000| PB 0x00000000c7f00000| Complete 

Card table byte_map: [0x000001f824c20000,0x000001f824e00000] _byte_map_base: 0x000001f8245fe000

Marking Bits: (CMBitMap*) 0x000001f80d2afab0
 Bits: [0x000001f824e00000, 0x000001f825cf0000)

Polling page: 0x000001f80b200000

Metaspace:

Usage:
  Non-class:      5.62 MB used.
      Class:    493.99 KB used.
       Both:      6.10 MB used.

Virtual space:
  Non-class space:       64.00 MB reserved,       5.69 MB (  9%) committed,  1 nodes.
      Class space:        1.00 GB reserved,     512.00 KB ( <1%) committed,  1 nodes.
             Both:        1.06 GB reserved,       6.19 MB ( <1%) committed. 

Chunk freelists:
   Non-Class:  10.25 MB
       Class:  15.51 MB
        Both:  25.76 MB

MaxMetaspaceSize: unlimited
CompressedClassSpaceSize: 1.00 GB
Initial GC threshold: 21.00 MB
Current GC threshold: 21.00 MB
CDS: off
 - commit_granule_bytes: 65536.
 - commit_granule_words: 8192.
 - virtual_space_node_default_size: 8388608.
 - enlarge_chunks_in_place: 1.
 - use_allocation_guard: 0.


Internal statistics:

num_allocs_failed_limit: 0.
num_arena_births: 6.
num_arena_deaths: 0.
num_vsnodes_births: 2.
num_vsnodes_deaths: 0.
num_space_committed: 99.
num_space_uncommitted: 0.
num_chunks_returned_to_freelist: 0.
num_chunks_taken_from_freelist: 14.
num_chunk_merges: 0.
num_chunk_splits: 6.
num_chunks_enlarged: 2.
num_inconsistent_stats: 0.

CodeHeap 'non-profiled nmethods': size=120000Kb used=60Kb max_used=60Kb free=119939Kb
 bounds [0x000001f81d1e0000, 0x000001f81d450000, 0x000001f824710000]
CodeHeap 'profiled nmethods': size=120000Kb used=201Kb max_used=201Kb free=119798Kb
 bounds [0x000001f815710000, 0x000001f815980000, 0x000001f81cc40000]
CodeHeap 'non-nmethods': size=5760Kb used=1358Kb max_used=1358Kb free=4401Kb
 bounds [0x000001f81cc40000, 0x000001f81ceb0000, 0x000001f81d1e0000]
 total_blobs=564 nmethods=185 adapters=284
 compilation: enabled
              stopped_count=0, restarted_count=0
 full_count=0

Compilation events (20 events):
Event: 0.365 Thread 0x000001f82875ec40  167       1       java.lang.module.ModuleDescriptor$Version::toString (5 bytes)
Event: 0.365 Thread 0x000001f82875ec40 nmethod 167 0x000001f81d1ed590 code [0x000001f81d1ed720, 0x000001f81d1ed7e8]
Event: 0.365 Thread 0x000001f82875ec40  171       3       java.util.HashMap::<init> (11 bytes)
Event: 0.365 Thread 0x000001f82875ec40 nmethod 171 0x000001f81573e110 code [0x000001f81573e2c0, 0x000001f81573e490]
Event: 0.365 Thread 0x000001f82875ec40  173       3       java.util.AbstractSet::<init> (5 bytes)
Event: 0.366 Thread 0x000001f82875ec40 nmethod 173 0x000001f81573e590 code [0x000001f81573e740, 0x000001f81573e908]
Event: 0.366 Thread 0x000001f828891320 nmethod 157 0x000001f81d1edc90 code [0x000001f81d1ede20, 0x000001f81d1edff8]
Event: 0.366 Thread 0x000001f82875ec40  174       1       java.lang.module.ResolvedModule::configuration (5 bytes)
Event: 0.366 Thread 0x000001f828891320  164       4       java.util.HashMap::putVal (300 bytes)
Event: 0.366 Thread 0x000001f82875ec40 nmethod 174 0x000001f81d1ee510 code [0x000001f81d1ee6a0, 0x000001f81d1ee768]
Event: 0.366 Thread 0x000001f82875ec40  176       3       java.lang.module.ResolvedModule::name (11 bytes)
Event: 0.366 Thread 0x000001f82875ec40 nmethod 176 0x000001f81573ea10 code [0x000001f81573eba0, 0x000001f81573ed00]
Event: 0.366 Thread 0x000001f82875ec40  179       3       java.util.HashSet::<init> (16 bytes)
Event: 0.366 Thread 0x000001f82875ec40 nmethod 179 0x000001f81573ee10 code [0x000001f81573efe0, 0x000001f81573f3e0]
Event: 0.366 Thread 0x000001f82875ec40  177       1       java.lang.module.ModuleDescriptor::isOpen (5 bytes)
Event: 0.366 Thread 0x000001f82875ec40 nmethod 177 0x000001f81d1eec10 code [0x000001f81d1eeda0, 0x000001f81d1eee70]
Event: 0.366 Thread 0x000001f82875ec40  180       3       java.util.HashMap::isEmpty (13 bytes)
Event: 0.366 Thread 0x000001f82875ec40 nmethod 180 0x000001f81573f590 code [0x000001f81573f720, 0x000001f81573f888]
Event: 0.366 Thread 0x000001f82875ec40  181       1       java.util.HashMap::size (5 bytes)
Event: 0.366 Thread 0x000001f82875ec40 nmethod 181 0x000001f81d1eef10 code [0x000001f81d1ef0a0, 0x000001f81d1ef168]

GC Heap History (0 events):
No events

Dll operation events (2 events):
Event: 0.098 Loaded shared library C:\Program Files\Java\jdk-21\bin\java.dll
Event: 0.273 Loaded shared library C:\Program Files\Java\jdk-21\bin\jsvml.dll

Deoptimization events (0 events):
No events

Classes loaded (20 events):
Event: 0.358 Loading class java/lang/module/ResolvedModule
Event: 0.358 Loading class java/lang/module/ResolvedModule done
Event: 0.362 Loading class jdk/internal/module/ModuleLoaderMap
Event: 0.362 Loading class jdk/internal/module/ModuleLoaderMap done
Event: 0.362 Loading class jdk/internal/module/ModuleLoaderMap$Mapper
Event: 0.362 Loading class jdk/internal/module/ModuleLoaderMap$Mapper done
Event: 0.362 Loading class jdk/internal/module/ModuleLoaderMap$Modules
Event: 0.363 Loading class jdk/internal/module/ModuleLoaderMap$Modules done
Event: 0.366 Loading class jdk/internal/loader/AbstractClassLoaderValue$Memoizer
Event: 0.366 Loading class jdk/internal/loader/AbstractClassLoaderValue$Memoizer done
Event: 0.366 Loading class jdk/internal/module/ServicesCatalog$ServiceProvider
Event: 0.366 Loading class jdk/internal/module/ServicesCatalog$ServiceProvider done
Event: 0.366 Loading class java/util/concurrent/CopyOnWriteArrayList
Event: 0.367 Loading class java/util/concurrent/CopyOnWriteArrayList done
Event: 0.367 Loading class java/lang/ModuleLayer$Controller
Event: 0.368 Loading class java/lang/ModuleLayer$Controller done
Event: 0.368 Loading class jdk/internal/module/ModuleBootstrap$SafeModuleFinder
Event: 0.368 Loading class jdk/internal/module/ModuleBootstrap$SafeModuleFinder done
Event: 0.372 Loading class java/lang/invoke/StringConcatFactory
Event: 0.372 Loading class java/lang/invoke/StringConcatFactory done

Classes unloaded (0 events):
No events

Classes redefined (0 events):
No events

Internal exceptions (0 events):
No events

ZGC Phase Switch (0 events):
No events

VM Operations (2 events):
Event: 0.357 Executing VM operation: HandshakeAllThreads (Deoptimize)
Event: 0.357 Executing VM operation: HandshakeAllThreads (Deoptimize) done

Events (10 events):
Event: 0.152 Thread 0x000001f80aff2fe0 Thread added: 0x000001f80aff2fe0
Event: 0.263 Thread 0x000001f8288785b0 Thread added: 0x000001f8288785b0
Event: 0.263 Thread 0x000001f828736890 Thread added: 0x000001f828736890
Event: 0.265 Thread 0x000001f82876c220 Thread added: 0x000001f82876c220
Event: 0.265 Thread 0x000001f82876cc70 Thread added: 0x000001f82876cc70
Event: 0.265 Thread 0x000001f82876d6c0 Thread added: 0x000001f82876d6c0
Event: 0.265 Thread 0x000001f82876e110 Thread added: 0x000001f82876e110
Event: 0.265 Thread 0x000001f828891320 Thread added: 0x000001f828891320
Event: 0.265 Thread 0x000001f82875ec40 Thread added: 0x000001f82875ec40
Event: 0.342 Thread 0x000001f82894d020 Thread added: 0x000001f82894d020


Dynamic libraries:
0x00007ff609150000 - 0x00007ff609160000 	C:\Program Files\Java\jdk-21\bin\java.exe
0x00007ffec36e0000 - 0x00007ffec38e9000 	C:\WINDOWS\SYSTEM32\ntdll.dll
0x00007ffec25b0000 - 0x00007ffec266d000 	C:\WINDOWS\System32\KERNEL32.DLL
0x00007ffec0f90000 - 0x00007ffec1314000 	C:\WINDOWS\System32\KERNELBASE.dll
0x00007ffec0b70000 - 0x00007ffec0c81000 	C:\WINDOWS\System32\ucrtbase.dll
0x00007ffebce80000 - 0x00007ffebce9b000 	C:\Program Files\Java\jdk-21\bin\VCRUNTIME140.dll
0x00007ffebc170000 - 0x00007ffebc189000 	C:\Program Files\Java\jdk-21\bin\jli.dll
0x00007ffec24b0000 - 0x00007ffec255e000 	C:\WINDOWS\System32\ADVAPI32.dll
0x00007ffec2c00000 - 0x00007ffec2ca3000 	C:\WINDOWS\System32\msvcrt.dll
0x00007ffec1680000 - 0x00007ffec171e000 	C:\WINDOWS\System32\sechost.dll
0x00007ffec3570000 - 0x00007ffec3691000 	C:\WINDOWS\System32\RPCRT4.dll
0x00007ffec1720000 - 0x00007ffec18cd000 	C:\WINDOWS\System32\USER32.dll
0x00007ffec1320000 - 0x00007ffec1346000 	C:\WINDOWS\System32\win32u.dll
0x00007ffec2810000 - 0x00007ffec283a000 	C:\WINDOWS\System32\GDI32.dll
0x00007ffec0d00000 - 0x00007ffec0e1e000 	C:\WINDOWS\System32\gdi32full.dll
0x00007ffec1350000 - 0x00007ffec13ed000 	C:\WINDOWS\System32\msvcp_win.dll
0x00007ffeb1040000 - 0x00007ffeb12e5000 	C:\WINDOWS\WinSxS\amd64_microsoft.windows.common-controls_6595b64144ccf1df_6.0.22000.120_none_9d947278b86cc467\COMCTL32.dll
0x00007ffeb1d60000 - 0x00007ffeb1d6a000 	C:\WINDOWS\SYSTEM32\VERSION.dll
0x00007ffec2bb0000 - 0x00007ffec2be1000 	C:\WINDOWS\System32\IMM32.DLL
0x00007ffebce70000 - 0x00007ffebce7c000 	C:\Program Files\Java\jdk-21\bin\vcruntime140_1.dll
0x00007ffeb51c0000 - 0x00007ffeb524e000 	C:\Program Files\Java\jdk-21\bin\msvcp140.dll
0x00007ffe98180000 - 0x00007ffe98e98000 	C:\Program Files\Java\jdk-21\bin\server\jvm.dll
0x00007ffec1fa0000 - 0x00007ffec200f000 	C:\WINDOWS\System32\WS2_32.dll
0x00007ffebf4d0000 - 0x00007ffebf51d000 	C:\WINDOWS\SYSTEM32\POWRPROF.dll
0x00007ffeb5020000 - 0x00007ffeb5053000 	C:\WINDOWS\SYSTEM32\WINMM.dll
0x00007ffebf5c0000 - 0x00007ffebf5d3000 	C:\WINDOWS\SYSTEM32\UMPDC.dll
0x00007ffebfcd0000 - 0x00007ffebfce8000 	C:\WINDOWS\SYSTEM32\kernel.appcore.dll
0x00007ffebc3c0000 - 0x00007ffebc3ca000 	C:\Program Files\Java\jdk-21\bin\jimage.dll
0x00007ffebdfa0000 - 0x00007ffebe1c1000 	C:\WINDOWS\SYSTEM32\DBGHELP.DLL
0x00007ffeafd10000 - 0x00007ffeafd41000 	C:\WINDOWS\SYSTEM32\dbgcore.DLL
0x00007ffec14b0000 - 0x00007ffec152f000 	C:\WINDOWS\System32\bcryptPrimitives.dll
0x00007ffebc1f0000 - 0x00007ffebc1ff000 	C:\Program Files\Java\jdk-21\bin\instrument.dll
0x00007ffebc150000 - 0x00007ffebc16f000 	C:\Program Files\Java\jdk-21\bin\java.dll
0x00007ffec2cb0000 - 0x00007ffec3475000 	C:\WINDOWS\System32\SHELL32.dll
0x00007ffebec50000 - 0x00007ffebf4b2000 	C:\WINDOWS\SYSTEM32\windows.storage.dll
0x00007ffec2130000 - 0x00007ffec24a6000 	C:\WINDOWS\System32\combase.dll
0x00007ffebeae0000 - 0x00007ffebec47000 	C:\WINDOWS\SYSTEM32\wintypes.dll
0x00007ffec2840000 - 0x00007ffec292a000 	C:\WINDOWS\System32\SHCORE.dll
0x00007ffec2b50000 - 0x00007ffec2bad000 	C:\WINDOWS\System32\shlwapi.dll
0x00007ffec0aa0000 - 0x00007ffec0ac5000 	C:\WINDOWS\SYSTEM32\profapi.dll
0x00007ffea41f0000 - 0x00007ffea42c7000 	C:\Program Files\Java\jdk-21\bin\jsvml.dll
0x00007ffebc130000 - 0x00007ffebc148000 	C:\Program Files\Java\jdk-21\bin\zip.dll
0x00007ffebc110000 - 0x00007ffebc120000 	C:\Program Files\Java\jdk-21\bin\net.dll
0x00007ffeb9970000 - 0x00007ffeb9a84000 	C:\WINDOWS\SYSTEM32\WINHTTP.dll

dbghelp: loaded successfully - version: 4.0.5 - missing functions: none
symbol engine: initialized successfully - sym options: 0x614 - pdb path: .;C:\Program Files\Java\jdk-21\bin;C:\WINDOWS\SYSTEM32;C:\WINDOWS\WinSxS\amd64_microsoft.windows.common-controls_6595b64144ccf1df_6.0.22000.120_none_9d947278b86cc467;C:\Program Files\Java\jdk-21\bin\server

VM Arguments:
jvm_args: -Dmaven.multiModuleProjectDirectory=D:\StudentDirectory\student -Djansi.passthrough=true -Dmaven.home=C:\Program Files\JetBrains\IntelliJ IDEA Community Edition 2024.3.1.1\plugins\maven\lib\maven3 -Dclassworlds.conf=C:\Program Files\JetBrains\IntelliJ IDEA Community Edition 2024.3.1.1\plugins\maven\lib\maven3\bin\m2.conf -Dmaven.ext.class.path=C:\Program Files\JetBrains\IntelliJ IDEA Community Edition 2024.3.1.1\plugins\maven\lib\maven-event-listener.jar -javaagent:C:\Program Files\JetBrains\IntelliJ IDEA Community Edition 2024.3.1.1\lib\idea_rt.jar=58068:C:\Program Files\JetBrains\IntelliJ IDEA Community Edition 2024.3.1.1\bin -Dfile.encoding=UTF-8 -Dsun.stdout.encoding=UTF-8 -Dsun.stderr.encoding=UTF-8 
java_command: org.codehaus.classworlds.Launcher -Didea.version=2024.3.1.1 clean install -P native
java_class_path (initial): C:\Program Files\JetBrains\IntelliJ IDEA Community Edition 2024.3.1.1\plugins\maven\lib\maven3\boot\plexus-classworlds-2.8.0.jar;C:\Program Files\JetBrains\IntelliJ IDEA Community Edition 2024.3.1.1\plugins\maven\lib\maven3\boot\plexus-classworlds.license
Launcher Type: SUN_STANDARD

[Global flags]
     intx CICompilerCount                          = 4                                         {product} {ergonomic}
     uint ConcGCThreads                            = 2                                         {product} {ergonomic}
     uint G1ConcRefinementThreads                  = 8                                         {product} {ergonomic}
   size_t G1HeapRegionSize                         = 1048576                                   {product} {ergonomic}
    uintx GCDrainStackTargetSize                   = 64                                        {product} {ergonomic}
   size_t InitialHeapSize                          = 62914560                                  {product} {ergonomic}
   size_t MarkStackSize                            = 4194304                                   {product} {ergonomic}
   size_t MaxHeapSize                              = 1002438656                                {product} {ergonomic}
   size_t MaxNewSize                               = 600834048                                 {product} {ergonomic}
   size_t MinHeapDeltaBytes                        = 1048576                                   {product} {ergonomic}
   size_t MinHeapSize                              = 8388608                                   {product} {ergonomic}
    uintx NonNMethodCodeHeapSize                   = 5839372                                {pd product} {ergonomic}
    uintx NonProfiledCodeHeapSize                  = 122909434                              {pd product} {ergonomic}
    uintx ProfiledCodeHeapSize                     = 122909434                              {pd product} {ergonomic}
    uintx ReservedCodeCacheSize                    = 251658240                              {pd product} {ergonomic}
     bool SegmentedCodeCache                       = true                                      {product} {ergonomic}
   size_t SoftMaxHeapSize                          = 1002438656                             {manageable} {ergonomic}
     bool UseCompressedOops                        = true                           {product lp64_product} {ergonomic}
     bool UseG1GC                                  = true                                      {product} {ergonomic}
     bool UseLargePagesIndividualAllocation        = false                                  {pd product} {ergonomic}

Logging:
Log output configuration:
 #0: stdout all=warning uptime,level,tags foldmultilines=false
 #1: stderr all=off uptime,level,tags foldmultilines=false

Environment Variables:
PATH=C:\Program Files\Common Files\Oracle\Java\javapath;C:\WINDOWS\system32;C:\WINDOWS;C:\WINDOWS\System32\Wbem;C:\WINDOWS\System32\WindowsPowerShell\v1.0\;C:\WINDOWS\System32\OpenSSH\;C:\Program Files\Microsoft VS Code\bin;C:\Program Files\dotnet\;C:\Program Files\Java\jdk-18.0.2.1\bin;C:\Program Files\MySQL\MySQL Server 8.0\bin;C:\Program Files\Common Files\Oracle\Java\javapath;C:\Users\Shagufta\AppData\Local\Microsoft\WindowsApps;C:\Users\Shagufta\AppData\Local\Programs\Git\cmd;C:\Users\Shagufta\AppData\Local\Programs\Git\mingw64\bin;C:\Users\Shagufta\AppData\Local\Programs\Git\usr\bin
USERNAME=Shagufta
OS=Windows_NT
PROCESSOR_IDENTIFIER=Intel64 Family 6 Model 140 Stepping 1, GenuineIntel
TMP=C:\Users\Shagufta\AppData\Local\Temp
TEMP=C:\Users\Shagufta\AppData\Local\Temp




Periodic native trim disabled

---------------  S Y S T E M  ---------------

OS:
 Windows 11 , 64 bit Build 22000 (10.0.22000.2538)
OS uptime: 0 days 14:11 hours

CPU: total 8 (initial active 8) (4 cores per cpu, 2 threads per core) family 6 model 140 stepping 1 microcode 0xb8, cx8, cmov, fxsr, ht, mmx, 3dnowpref, sse, sse2, sse3, ssse3, sse4.1, sse4.2, popcnt, lzcnt, tsc, tscinvbit, avx, avx2, aes, erms, clmul, bmi1, bmi2, adx, avx512f, avx512dq, avx512cd, avx512bw, avx512vl, sha, fma, vzeroupper, avx512_vpopcntdq, avx512_vpclmulqdq, avx512_vaes, avx512_vnni, clflush, clflushopt, clwb, avx512_vbmi2, avx512_vbmi, rdtscp, rdpid, fsrm, gfni, avx512_bitalg, f16c, pku, cet_ibt, cet_ss, avx512_ifma
Processor Information for all 8 processors :
  Max Mhz: 2419, Current Mhz: 2419, Mhz Limit: 2419

Memory: 4k page, system-wide physical 3818M (174M free)
TotalPageFile size 15594M (AvailPageFile size 0M)
current process WorkingSet (physical memory assigned to process): 31M, peak: 31M
current process commit charge ("private bytes"): 134M, peak: 134M

vm_info: Java HotSpot(TM) 64-Bit Server VM (21.0.5+9-LTS-239) for windows-amd64 JRE (21.0.5+9-LTS-239), built on 2024-09-30T05:17:38Z by "mach5one" with MS VC++ 17.6 (VS2022)

END.
